0 info it worked if it ends with ok
1 verbose cli [ '/usr/bin/node', '/usr/bin/npm', 'run', 'build' ]
2 info using npm@6.13.4
3 info using node@v10.19.0
4 verbose config Skipping project config: /home/cestepap/.npmrc. (matches userconfig)
5 verbose run-script [ 'prebuild', 'build', 'postbuild' ]
6 info lifecycle cestepap@1.0.0~prebuild: cestepap@1.0.0
7 info lifecycle cestepap@1.0.0~build: cestepap@1.0.0
8 verbose lifecycle cestepap@1.0.0~build: unsafe-perm in lifecycle true
9 verbose lifecycle cestepap@1.0.0~build: PATH: /usr/lib/node_modules/npm/node_modules/npm-lifecycle/node-gyp-bin:/home/cestepap/node_modules/.bin:/usr/local/sbin:/usr/local/bin:/usr/sbin:/usr/bin:/sbin:/bin:/usr/games:/usr/local/games:/mnt/c/Program Files/WindowsApps/CanonicalGroupLimited.Ubuntu18.04onWindows_2020.1804.7.0_x64__79rhkp1fndgsc:/mnt/c/Program Files (x86)/Intel/Intel(R) Management Engine Components/iCLS/:/mnt/c/Program Files/Intel/Intel(R) Management Engine Components/iCLS/:/mnt/c/Windows/system32:/mnt/c/Windows:/mnt/c/Windows/System32/Wbem:/mnt/c/Windows/System32/WindowsPowerShell/v1.0/:/mnt/c/Program Files (x86)/Intel/Intel(R) Management Engine Components/DAL:/mnt/c/Program Files/Intel/Intel(R) Management Engine Components/DAL:/mnt/c/Program Files (x86)/Intel/Intel(R) Management Engine Components/IPT:/mnt/c/Program Files/Intel/Intel(R) Management Engine Components/IPT:/mnt/c/Program Files (x86)/NVIDIA Corporation/PhysX/Common:/mnt/c/WINDOWS/system32:/mnt/c/WINDOWS:/mnt/c/WINDOWS/System32/Wbem:/mnt/c/WINDOWS/System32/WindowsPowerShell/v1.0/:/mnt/c/WINDOWS/System32/OpenSSH/:/mnt/c/Program Files/nodejs/:/mnt/c/Users/cespe/AppData/Local/Microsoft/WindowsApps:/mnt/c/Users/cespe/AppData/Local/Programs/Microsoft VS Code/bin:/mnt/c/Users/cespe/AppData/Roaming/npm:/snap/bin
10 verbose lifecycle cestepap@1.0.0~build: CWD: /home/cestepap
11 silly lifecycle cestepap@1.0.0~build: Args: [ '-c', 'parcel build index.html>' ]
12 silly lifecycle cestepap@1.0.0~build: Returned: code: 2  signal: null
13 info lifecycle cestepap@1.0.0~build: Failed to exec build script
14 verbose stack Error: cestepap@1.0.0 build: `parcel build index.html>`
14 verbose stack Exit status 2
14 verbose stack     at EventEmitter.<anonymous> (/usr/lib/node_modules/npm/node_modules/npm-lifecycle/index.js:332:16)
14 verbose stack     at EventEmitter.emit (events.js:198:13)
14 verbose stack     at ChildProcess.<anonymous> (/usr/lib/node_modules/npm/node_modules/npm-lifecycle/lib/spawn.js:55:14)
14 verbose stack     at ChildProcess.emit (events.js:198:13)
14 verbose stack     at maybeClose (internal/child_process.js:982:16)
14 verbose stack     at Process.ChildProcess._handle.onexit (internal/child_process.js:259:5)
15 verbose pkgid cestepap@1.0.0
16 verbose cwd /home/cestepap
17 verbose Linux 4.4.0-18362-Microsoft
18 verbose argv "/usr/bin/node" "/usr/bin/npm" "run" "build"
19 verbose node v10.19.0
20 verbose npm  v6.13.4
21 error code ELIFECYCLE
22 error errno 2
23 error cestepap@1.0.0 build: `parcel build index.html>`
23 error Exit status 2
24 error Failed at the cestepap@1.0.0 build script.
24 error This is probably not a problem with npm. There is likely additional logging output above.
25 verbose exit [ 2, true ]
