0 info it worked if it ends with ok
1 verbose cli [ '/usr/bin/node',
1 verbose cli   '/usr/lib/node_modules/npm/bin/npm-cli.js',
1 verbose cli   'run',
1 verbose cli   'parcel:build' ]
2 info using npm@6.13.4
3 info using node@v10.19.0
4 verbose run-script [ 'preparcel:build', 'parcel:build', 'postparcel:build' ]
5 info lifecycle cestepap@1.0.0~preparcel:build: cestepap@1.0.0
6 info lifecycle cestepap@1.0.0~parcel:build: cestepap@1.0.0
7 verbose lifecycle cestepap@1.0.0~parcel:build: unsafe-perm in lifecycle true
8 verbose lifecycle cestepap@1.0.0~parcel:build: PATH: /usr/lib/node_modules/npm/node_modules/npm-lifecycle/node-gyp-bin:/home/cestepap/test/node_modules/.bin:/usr/lib/node_modules/npm/node_modules/npm-lifecycle/node-gyp-bin:/home/cestepap/test/node_modules/.bin:/usr/local/sbin:/usr/local/bin:/usr/sbin:/usr/bin:/sbin:/bin:/usr/games:/usr/local/games:/mnt/c/Program Files/WindowsApps/CanonicalGroupLimited.Ubuntu18.04onWindows_2020.1804.7.0_x64__79rhkp1fndgsc:/mnt/c/Program Files (x86)/Intel/Intel(R) Management Engine Components/iCLS/:/mnt/c/Program Files/Intel/Intel(R) Management Engine Components/iCLS/:/mnt/c/Windows/system32:/mnt/c/Windows:/mnt/c/Windows/System32/Wbem:/mnt/c/Windows/System32/WindowsPowerShell/v1.0/:/mnt/c/Program Files (x86)/Intel/Intel(R) Management Engine Components/DAL:/mnt/c/Program Files/Intel/Intel(R) Management Engine Components/DAL:/mnt/c/Program Files (x86)/Intel/Intel(R) Management Engine Components/IPT:/mnt/c/Program Files/Intel/Intel(R) Management Engine Components/IPT:/mnt/c/Program Files (x86)/NVIDIA Corporation/PhysX/Common:/mnt/c/WINDOWS/system32:/mnt/c/WINDOWS:/mnt/c/WINDOWS/System32/Wbem:/mnt/c/WINDOWS/System32/WindowsPowerShell/v1.0/:/mnt/c/WINDOWS/System32/OpenSSH/:/mnt/c/Program Files/nodejs/:/mnt/c/Users/cespe/AppData/Local/Microsoft/WindowsApps:/mnt/c/Users/cespe/AppData/Local/Programs/Microsoft VS Code/bin:/mnt/c/Users/cespe/AppData/Roaming/npm:/snap/bin
9 verbose lifecycle cestepap@1.0.0~parcel:build: CWD: /home/cestepap/test
10 silly lifecycle cestepap@1.0.0~parcel:build: Args: [ '-c', 'parcel build index.html' ]
11 silly lifecycle cestepap@1.0.0~parcel:build: Returned: code: 1  signal: null
12 info lifecycle cestepap@1.0.0~parcel:build: Failed to exec parcel:build script
13 verbose stack Error: cestepap@1.0.0 parcel:build: `parcel build index.html`
13 verbose stack Exit status 1
13 verbose stack     at EventEmitter.<anonymous> (/usr/lib/node_modules/npm/node_modules/npm-lifecycle/index.js:332:16)
13 verbose stack     at EventEmitter.emit (events.js:198:13)
13 verbose stack     at ChildProcess.<anonymous> (/usr/lib/node_modules/npm/node_modules/npm-lifecycle/lib/spawn.js:55:14)
13 verbose stack     at ChildProcess.emit (events.js:198:13)
13 verbose stack     at maybeClose (internal/child_process.js:982:16)
13 verbose stack     at Process.ChildProcess._handle.onexit (internal/child_process.js:259:5)
14 verbose pkgid cestepap@1.0.0
15 verbose cwd /home/cestepap/test
16 verbose Linux 4.4.0-18362-Microsoft
17 verbose argv "/usr/bin/node" "/usr/lib/node_modules/npm/bin/npm-cli.js" "run" "parcel:build"
18 verbose node v10.19.0
19 verbose npm  v6.13.4
20 error code ELIFECYCLE
21 error errno 1
22 error cestepap@1.0.0 parcel:build: `parcel build index.html`
22 error Exit status 1
23 error Failed at the cestepap@1.0.0 parcel:build script.
23 error This is probably not a problem with npm. There is likely additional logging output above.
24 verbose exit [ 1, true ]
